-------------------------------------------------------------------------------
Test set: TestSuite
-------------------------------------------------------------------------------
Tests run: 5, Failures: 5, Errors: 0, Skipped: 0, Time elapsed: 23.293 sec <<< FAILURE! - in TestSuite
bankManagerLogin(testcases.BankManagerLoginTest)  Time elapsed: 0.436 sec  <<< FAILURE!
java.lang.AssertionError: Bank Manager Login Failed Intentionally
	at org.testng.Assert.fail(Assert.java:96)
	at testcases.BankManagerLoginTest.bankManagerLogin(BankManagerLoginTest.java:16)

addCust(testcases.AddCustomer)  Time elapsed: 0.977 sec  <<< FAILURE!
java.lang.AssertionError: Add Customer Failed Intentionally
	at org.testng.Assert.fail(Assert.java:96)
	at testcases.AddCustomer.addCust(AddCustomer.java:24)

addCust(testcases.AddCustomer)  Time elapsed: 0.595 sec  <<< FAILURE!
java.lang.AssertionError: Add Customer Failed Intentionally
	at org.testng.Assert.fail(Assert.java:96)
	at testcases.AddCustomer.addCust(AddCustomer.java:24)

addCust(testcases.AddCustomer)  Time elapsed: 0.533 sec  <<< FAILURE!
java.lang.AssertionError: Add Customer Failed Intentionally
	at org.testng.Assert.fail(Assert.java:96)
	at testcases.AddCustomer.addCust(AddCustomer.java:24)

openAcc(testcases.OpenAccount)  Time elapsed: 15.415 sec  <<< FAILURE!
org.openqa.selenium.NoSuchElementException: no such element: Unable to locate element: {"method":"css selector","selector":"#userSelect"}
  (Session info: chrome=90.0.4430.93)
For documentation on this error, please visit: https://www.seleniumhq.org/exceptions/no_such_element.html
Build info: version: '3.141.59', revision: 'e82be7d358', time: '2018-11-14T08:17:03'
System info: host: 'LAPTOP-ABRF4IV4', ip: '192.168.0.104', os.name: 'Windows 10', os.arch: 'amd64', os.version: '10.0', java.version: '1.8.0_271'
Driver info: org.openqa.selenium.chrome.ChromeDriver
Capabilities {acceptInsecureCerts: false, browserName: chrome, browserVersion: 90.0.4430.93, chrome: {chromedriverVersion: 90.0.4430.24 (4c6d850f087da..., userDataDir: C:\Users\HP\AppData\Local\T...}, goog:chromeOptions: {debuggerAddress: localhost:50320}, javascriptEnabled: true, networkConnectionEnabled: false, pageLoadStrategy: normal, platform: WINDOWS, platformName: WINDOWS, proxy: Proxy(), setWindowRect: true, strictFileInteractability: false, timeouts: {implicit: 0, pageLoad: 300000, script: 30000}, unhandledPromptBehavior: dismiss and notify, webauthn:extension:largeBlob: true, webauthn:virtualAuthenticators: true}
Session ID: 01864001c6e5744a848536dcfe077d01
*** Element info: {Using=css selector, value=#userSelect}
	at sun.reflect.NativeConstructorAccessorImpl.newInstance0(Native Method)
	at sun.reflect.NativeConstructorAccessorImpl.newInstance(NativeConstructorAccessorImpl.java:62)
	at sun.reflect.DelegatingConstructorAccessorImpl.newInstance(DelegatingConstructorAccessorImpl.java:45)
	at java.lang.reflect.Constructor.newInstance(Constructor.java:423)
	at org.openqa.selenium.remote.http.W3CHttpResponseCodec.createException(W3CHttpResponseCodec.java:187)
	at org.openqa.selenium.remote.http.W3CHttpResponseCodec.decode(W3CHttpResponseCodec.java:122)
	at org.openqa.selenium.remote.http.W3CHttpResponseCodec.decode(W3CHttpResponseCodec.java:49)
	at org.openqa.selenium.remote.HttpCommandExecutor.execute(HttpCommandExecutor.java:158)
	at org.openqa.selenium.remote.service.DriverCommandExecutor.execute(DriverCommandExecutor.java:83)
	at org.openqa.selenium.remote.RemoteWebDriver.execute(RemoteWebDriver.java:552)
	at org.openqa.selenium.remote.RemoteWebDriver.findElement(RemoteWebDriver.java:323)
	at org.openqa.selenium.remote.RemoteWebDriver.findElementByCssSelector(RemoteWebDriver.java:420)
	at org.openqa.selenium.By$ByCssSelector.findElement(By.java:431)
	at org.openqa.selenium.remote.RemoteWebDriver.findElement(RemoteWebDriver.java:315)
	at base.BaseTest.select(BaseTest.java:71)
	at testcases.OpenAccount.openAcc(OpenAccount.java:16)

