<!DOCTYPE html PUBLIC "-//W3C//DTD XHTML 1.1//EN" "http://www.w3.org/TR/xhtml11/DTD/xhtml11.dtd">
<html xmlns="http://www.w3.org/1999/xhtml">
<head>
<meta http-equiv="content-type" content="text/html; charset=UTF-8"/>
<title>TestNG Report</title>
<style type="text/css">table {margin-bottom:10px;border-collapse:collapse;empty-cells:show}th,td {border:1px solid #009;padding:.25em .5em}th {vertical-align:bottom}td {vertical-align:top}table a {font-weight:bold}.stripe td {background-color: #E6EBF9}.num {text-align:right}.passedodd td {background-color: #3F3}.passedeven td {background-color: #0A0}.skippedodd td {background-color: #DDD}.skippedeven td {background-color: #CCC}.failedodd td,.attn {background-color: #F33}.failedeven td,.stripe .attn {background-color: #D00}.stacktrace {white-space:pre;font-family:monospace}.totop {font-size:85%;text-align:center;border-bottom:2px solid #000}.invisible {display:none}</style>
</head>
<body>
<table>
<tr><th>Test</th><th># Passed</th><th># Skipped</th><th># Failed</th><th>Time (ms)</th><th>Included Groups</th><th>Excluded Groups</th></tr>
<tr><th colspan="7">DataDriven</th></tr>
<tr><td><a href="#t0">Bank Manager Login Test</a></td><td class="num">0</td><td class="num">0</td><td class="num attn">1</td><td class="num">321</td><td></td><td></td></tr>
<tr class="stripe"><td><a href="#t1">Add Customer Test</a></td><td class="num">0</td><td class="num">0</td><td class="num attn">3</td><td class="num">1,324</td><td></td><td></td></tr>
<tr><td><a href="#t2">Open Account Test</a></td><td class="num">0</td><td class="num">0</td><td class="num attn">1</td><td class="num">15,249</td><td></td><td></td></tr>
<tr><th>Total</th><th class="num">0</th><th class="num">0</th><th class="num attn">5</th><th class="num">16,894</th><th colspan="2"></th></tr>
</table>
<table id='summary'><thead><tr><th>Class</th><th>Method</th><th>Start</th><th>Time (ms)</th></tr></thead><tbody><tr><th colspan="4">DataDriven</th></tr></tbody><tbody id="t0"><tr><th colspan="4">Bank Manager Login Test &#8212; failed</th></tr><tr class="failedeven"><td rowspan="1">testcases.BankManagerLoginTest</td><td><a href="#m0">bankManagerLogin</a></td><td rowspan="1">1620829562511</td><td rowspan="1">132</td></tr></tbody>
<tbody id="t1"><tr><th colspan="4">Add Customer Test &#8212; failed</th></tr><tr class="failedeven"><td rowspan="3">testcases.AddCustomer</td><td><a href="#m1">addCust</a></td><td rowspan="3">1620829563087</td><td rowspan="3">391</td></tr><tr class="failedeven"><td><a href="#m2">addCust</a></td></tr><tr class="failedeven"><td><a href="#m3">addCust</a></td></tr></tbody>
<tbody id="t2"><tr><th colspan="4">Open Account Test &#8212; failed</th></tr><tr class="failedeven"><td rowspan="1">testcases.OpenAccount</td><td><a href="#m4">openAcc</a></td><td rowspan="1">1620829564423</td><td rowspan="1">15092</td></tr></tbody>
</table>
<h2>Bank Manager Login Test</h2><h3 id="m0">testcases.BankManagerLoginTest#bankManagerLogin</h3><table class="result"><tr><th>Messages</th></tr><tr><td><div class="messages"><a href =Wed_May_12_19_56_02_IST_2021.jpg target="_blank">Screenshot link</a><br/><br><br/><a href=Wed_May_12_19_56_02_IST_2021.jpg target="_blank"><img src=Wed_May_12_19_56_02_IST_2021.jpg height=200 width=200></a></div></td></tr><tr><th>Exception</th></tr><tr><td><div class="stacktrace">java.lang.AssertionError: Bank Manager Login Failed Intentionally
	at testcases.BankManagerLoginTest.bankManagerLogin(BankManagerLoginTest.java:16)
... Removed 26 stack frames</div></td></tr></table><p class="totop"><a href="#summary">back to summary</a></p>
<h2>Add Customer Test</h2><h3 id="m1">testcases.AddCustomer#addCust</h3><table class="result"><tr class="param"><th>Parameter #1</th><th>Parameter #2</th><th>Parameter #3</th></tr><tr class="param stripe"><td>Himanshu</td><td>Mahendru</td><td>A22111</td></tr><tr><th colspan="3">Messages</th></tr><tr><td colspan="3"><div class="messages"><a href =Wed_May_12_19_56_03_IST_2021.jpg target="_blank">Screenshot link</a><br/><br><br/><a href=Wed_May_12_19_56_03_IST_2021.jpg target="_blank"><img src=Wed_May_12_19_56_03_IST_2021.jpg height=200 width=200></a></div></td></tr><tr><th colspan="3">Exception</th></tr><tr><td colspan="3"><div class="stacktrace">java.lang.AssertionError: Add Customer Failed Intentionally
	at testcases.AddCustomer.addCust(AddCustomer.java:24)
... Removed 26 stack frames</div></td></tr></table><p class="totop"><a href="#summary">back to summary</a></p>
<h3 id="m2">testcases.AddCustomer#addCust</h3><table class="result"><tr class="param"><th>Parameter #1</th><th>Parameter #2</th><th>Parameter #3</th></tr><tr class="param stripe"><td>Shivam </td><td>Mahendru</td><td>S22222</td></tr><tr><th colspan="3">Messages</th></tr><tr><td colspan="3"><div class="messages"><a href =Wed_May_12_19_56_03_IST_2021.jpg target="_blank">Screenshot link</a><br/><br><br/><a href=Wed_May_12_19_56_03_IST_2021.jpg target="_blank"><img src=Wed_May_12_19_56_03_IST_2021.jpg height=200 width=200></a></div></td></tr><tr><th colspan="3">Exception</th></tr><tr><td colspan="3"><div class="stacktrace">java.lang.AssertionError: Add Customer Failed Intentionally
	at testcases.AddCustomer.addCust(AddCustomer.java:24)
... Removed 26 stack frames</div></td></tr></table><p class="totop"><a href="#summary">back to summary</a></p>
<h3 id="m3">testcases.AddCustomer#addCust</h3><table class="result"><tr class="param"><th>Parameter #1</th><th>Parameter #2</th><th>Parameter #3</th></tr><tr class="param stripe"><td>Priya</td><td>Mahendru</td><td>P22111</td></tr><tr><th colspan="3">Messages</th></tr><tr><td colspan="3"><div class="messages"><a href =Wed_May_12_19_56_04_IST_2021.jpg target="_blank">Screenshot link</a><br/><br><br/><a href=Wed_May_12_19_56_04_IST_2021.jpg target="_blank"><img src=Wed_May_12_19_56_04_IST_2021.jpg height=200 width=200></a></div></td></tr><tr><th colspan="3">Exception</th></tr><tr><td colspan="3"><div class="stacktrace">java.lang.AssertionError: Add Customer Failed Intentionally
	at testcases.AddCustomer.addCust(AddCustomer.java:24)
... Removed 26 stack frames</div></td></tr></table><p class="totop"><a href="#summary">back to summary</a></p>
<h2>Open Account Test</h2><h3 id="m4">testcases.OpenAccount#openAcc</h3><table class="result"><tr class="param"><th>Parameter #1</th><th>Parameter #2</th></tr><tr class="param stripe"><td>Himanshu Mahendru</td><td>Rupee</td></tr><tr><th colspan="2">Messages</th></tr><tr><td colspan="2"><div class="messages"><a href =Wed_May_12_19_56_19_IST_2021.jpg target="_blank">Screenshot link</a><br/><br><br/><a href=Wed_May_12_19_56_19_IST_2021.jpg target="_blank"><img src=Wed_May_12_19_56_19_IST_2021.jpg height=200 width=200></a></div></td></tr><tr><th colspan="2">Exception</th></tr><tr><td colspan="2"><div class="stacktrace">org.openqa.selenium.NoSuchElementException: no such element: Unable to locate element: {&quot;method&quot;:&quot;css selector&quot;,&quot;selector&quot;:&quot;#userSelect&quot;}
  (Session info: chrome=90.0.4430.93)
For documentation on this error, please visit: https://www.seleniumhq.org/exceptions/no_such_element.html
Build info: version: &apos;3.141.59&apos;, revision: &apos;e82be7d358&apos;, time: &apos;2018-11-14T08:17:03&apos;
System info: host: &apos;LAPTOP-ABRF4IV4&apos;, ip: &apos;192.168.0.104&apos;, os.name: &apos;Windows 10&apos;, os.arch: &apos;amd64&apos;, os.version: &apos;10.0&apos;, java.version: &apos;15.0.2&apos;
Driver info: org.openqa.selenium.chrome.ChromeDriver
Capabilities {acceptInsecureCerts: false, browserName: chrome, browserVersion: 90.0.4430.93, chrome: {chromedriverVersion: 90.0.4430.24 (4c6d850f087da..., userDataDir: C:\Users\HP\AppData\Local\T...}, goog:chromeOptions: {debuggerAddress: localhost:62454}, javascriptEnabled: true, networkConnectionEnabled: false, pageLoadStrategy: normal, platform: WINDOWS, platformName: WINDOWS, proxy: Proxy(), setWindowRect: true, strictFileInteractability: false, timeouts: {implicit: 0, pageLoad: 300000, script: 30000}, unhandledPromptBehavior: dismiss and notify, webauthn:extension:largeBlob: true, webauthn:virtualAuthenticators: true}
Session ID: a398f9bb8ffb8e152eb86aef29e007ad
*** Element info: {Using=css selector, value=#userSelect}
	at org.openqa.selenium.remote.http.W3CHttpResponseCodec.createException(W3CHttpResponseCodec.java:187)
	at org.openqa.selenium.remote.http.W3CHttpResponseCodec.decode(W3CHttpResponseCodec.java:122)
	at org.openqa.selenium.remote.http.W3CHttpResponseCodec.decode(W3CHttpResponseCodec.java:49)
	at org.openqa.selenium.remote.HttpCommandExecutor.execute(HttpCommandExecutor.java:158)
	at org.openqa.selenium.remote.service.DriverCommandExecutor.execute(DriverCommandExecutor.java:83)
	at org.openqa.selenium.remote.RemoteWebDriver.execute(RemoteWebDriver.java:552)
	at org.openqa.selenium.remote.RemoteWebDriver.findElement(RemoteWebDriver.java:323)
	at org.openqa.selenium.remote.RemoteWebDriver.findElementByCssSelector(RemoteWebDriver.java:420)
	at org.openqa.selenium.By$ByCssSelector.findElement(By.java:431)
	at org.openqa.selenium.remote.RemoteWebDriver.findElement(RemoteWebDriver.java:315)
	at base.BaseTest.select(BaseTest.java:71)
	at testcases.OpenAccount.openAcc(OpenAccount.java:16)
... Removed 30 stack frames</div></td></tr></table><p class="totop"><a href="#summary">back to summary</a></p>
</body>
</html>
